<?xml version="1.0" encoding="UTF-8"?>
<!-- Generated by org.testng.reporters.JUnitReportReporter -->
<testsuite hostname="DS" failures="0" tests="2" name="com.testNG.SimpleAnnotationTest" time="10.127" errors="0" timestamp="2023-12-10T16:19:45 IST" skipped="0">
  <testcase classname="com.testNG.SimpleAnnotationTest" name="my_Itinerary" time="2.789"/>
  <system-out/>
  <testcase classname="com.testNG.SimpleAnnotationTest" name="login_In" time="7.338"/>
  <system-out/>
</testsuite> <!-- com.testNG.SimpleAnnotationTest -->
