<?xml version="1.0" encoding="UTF-8"?>
<!-- Generated by org.testng.reporters.JUnitReportReporter -->
<testsuite hostname="DS" failures="0" tests="2" name="com.testNG.ParameterTest" time="10.355" errors="0" timestamp="2023-12-13T08:46:12 IST" skipped="0">
  <testcase classname="com.testNG.ParameterTest" name="parameter_Demo" time="6.041"/>
  <system-out/>
  <testcase classname="com.testNG.ParameterTest" name="browser_Launch" time="4.314"/>
  <system-out/>
</testsuite> <!-- com.testNG.ParameterTest -->
