<?xml version="1.0" encoding="UTF-8"?>
<!-- Generated by org.testng.reporters.JUnitReportReporter -->
<testsuite hostname="DS" failures="0" tests="1" name="com.testNG.ExpectedTest" time="0.011" errors="0" timestamp="2023-12-13T08:36:30 IST" skipped="0">
  <testcase classname="com.testNG.ExpectedTest" name="demo" time="0.011"/>
  <system-out/>
</testsuite> <!-- com.testNG.ExpectedTest -->
